producer_class	xtools.gsea.GseaPreranked
producer_timestamp	1680460999801
param	rpt_label	my_analysis
param	rnd_seed	timestamp
param	set_min	15
param	zip_report	false
param	create_svgs	false
param	scoring_scheme	weighted
param	rnk	C:\Users\Junni\Documents\BCB420_git\dex_ctrl.rnk
param	norm	meandiv
param	out	C:\Users\Junni\gsea_home\output\apr02
param	mode	Abs_max_of_probes
param	include_only_symbols	true
param	help	false
param	set_max	500
param	gmx	C:\Users\Junni\Documents\BCB420_git\Human_GOBP_AllPathways_no_GO_iea_March_02_2023_symbol.gmt
param	make_sets	true
param	plot_top_x	20
param	gui	false
param	nperm	1000
param	collapse	No_Collapse

file	C:\Users\Junni\gsea_home\output\apr02\my_analysis.GseaPreranked.1680460999801\index.html
